<?xml version="1.0" encoding="UTF-8"?>
<testng-results skipped="0" failed="0" ignored="0" total="1" passed="1">
  <reporter-output>
  </reporter-output>
  <suite name="Default suite" duration-ms="65" started-at="2020-08-26T06:01:16Z" finished-at="2020-08-26T06:01:17Z">
    <groups>
    </groups>
    <test name="Default test" duration-ms="65" started-at="2020-08-26T06:01:16Z" finished-at="2020-08-26T06:01:17Z">
      <class name="Package2.Sanity">
        <test-method status="PASS" signature="m2()[pri:0, instance:Package2.Sanity@3c87521]" name="m2" duration-ms="11" started-at="2020-08-26T06:01:17Z" finished-at="2020-08-26T06:01:17Z">
          <reporter-output>
          </reporter-output>
        </test-method> <!-- m2 -->
      </class> <!-- Package2.Sanity -->
    </test> <!-- Default test -->
  </suite> <!-- Default suite -->
</testng-results>
